============================================================
   Tang Dynasty, V5.0.43066
   Copyright:   Shanghai Anlogic Infotech Co., Ltd.
                2011 - 2021
   Executable = D:/tangdynasty/bin/td.exe
   Built at =   20:38:48 Nov 30 2021
   Run by =     sandalphon
   Run Date =   Mon May  5 10:22:33 2025

   Run on =     DESKTOP-RFNUHG1
============================================================
RUN-1002 : start command "import_device eagle_20.db -package BGA256X"
ARC-1001 : Device Initialization.
ARC-1001 : ------------------------------------------------------------------
ARC-1001 :            OPTION            |          IO          |   SETTING   
ARC-1001 : ------------------------------------------------------------------
ARC-1001 :   cso_b/cclk/mosi/miso/dout  |  T3/R11/T10/P10/M14  |    gpio    
ARC-1001 :             done             |         P13          |    gpio    
ARC-1001 :           program_b          |          T2          |  dedicate  
ARC-1001 :        tdi/tms/tck/tdo       |   C12/A15/C14/E14    |  dedicate  
ARC-1001 : ------------------------------------------------------------------
ARC-1004 : Device setting, marked 5 dedicate IOs in total.
RUN-1002 : start command "import_db adc_design_pr.db"
RUN-1001 : Importing database generated by Tang Dynasty, V5.0.43066.
RUN-1001 : Database version number 46126.
RUN-1001 : Import IO constraints
RUN-1001 : Import Inst constraints
RUN-1001 : Import flow parameters
RUN-1001 : Import ChipWatcher
RUN-1003 : finish command "import_db adc_design_pr.db" in  1.276915s wall, 1.218750s user + 0.109375s system = 1.328125s CPU (104.0%)

RUN-1004 : used memory is 352 MB, reserved memory is 295 MB, peak memory is 352 MB
RUN-1002 : start command "download -bit adc_design.bit -mode jtag -spd 6 -sec 64 -cable 0"
PRG-2014 : Chip validation success: EAGLE_20K_BGA256X
RUN-1002 : start command "bit_to_vec -chip EAGLE_20K_BGA256X -m jtag_burst -bit adc_design.bit"
RUN-1002 : start command "program -cable 0 -mode svf -spd 6 -p"
RUN-1003 : finish command "program -cable 0 -mode svf -spd 6 -p" in  4.186230s wall, 0.046875s user + 0.015625s system = 0.062500s CPU (1.5%)

RUN-1004 : used memory is 397 MB, reserved memory is 337 MB, peak memory is 413 MB
RUN-1003 : finish command "download -bit adc_design.bit -mode jtag -spd 6 -sec 64 -cable 0" in  4.382564s wall, 0.203125s user + 0.031250s system = 0.234375s CPU (5.3%)

RUN-1004 : used memory is 397 MB, reserved memory is 337 MB, peak memory is 413 MB
GUI-1001 : Download success!
