============================================================
   Tang Dynasty, V5.0.43066
   Copyright:   Shanghai Anlogic Infotech Co., Ltd.
                2011 - 2021
   Executable = D:/tangdynasty/bin/td.exe
   Built at =   20:38:48 Nov 30 2021
   Run by =     sandalphon
   Run Date =   Wed Apr 16 14:28:38 2025

   Run on =     DESKTOP-RFNUHG1
============================================================
RUN-1002 : start command "import_device eagle_20.db -package BGA256X"
ARC-1001 : Device Initialization.
ARC-1001 : ------------------------------------------------------------------
ARC-1001 :            OPTION            |          IO          |   SETTING   
ARC-1001 : ------------------------------------------------------------------
ARC-1001 :   cso_b/cclk/mosi/miso/dout  |  T3/R11/T10/P10/M14  |    gpio    
ARC-1001 :             done             |         P13          |    gpio    
ARC-1001 :           program_b          |          T2          |  dedicate  
ARC-1001 :        tdi/tms/tck/tdo       |   C12/A15/C14/E14    |  dedicate  
ARC-1001 : ------------------------------------------------------------------
ARC-1004 : Device setting, marked 5 dedicate IOs in total.
RUN-1002 : start command "import_db adc_design_pr.db"
RUN-1001 : Importing database generated by Tang Dynasty, V5.0.43066.
RUN-1001 : Database version number 46126.
RUN-1001 : Import IO constraints
RUN-1001 : Import Inst constraints
RUN-1001 : Import flow parameters
RUN-1001 : Import ChipWatcher
RUN-1003 : finish command "import_db adc_design_pr.db" in  1.324296s wall, 1.250000s user + 0.125000s system = 1.375000s CPU (103.8%)

RUN-1004 : used memory is 308 MB, reserved memory is 270 MB, peak memory is 308 MB
